<?xml version='1.0'?>
<ns2:test-suite xmlns:ns2='urn:model.allure.qatools.yandex.ru' start='1633972738295' stop='1633972738305'>
    <name>My Store registraction feature: My Store test</name>
    <title>My Store registraction feature: My Store test</title>
    <test-cases>
        <test-case start='1633972738297' status='passed' stop='1633972738301'>
            <name></name>
            <title></title>
            <labels>
                <label name='language' value='javascript'/>
                <label name='framework' value='wdio'/>
                <label name='thread' value='0-0'/>
            </labels>
            <parameters>
                <parameter kind='argument' name='browser' value='chrome-94.0.4606.71'/>
            </parameters>
            <steps/>
            <attachments/>
        </test-case>
        <test-case start='1633972738301' status='broken' stop='1633972738303'>
            <name>Given i open browser and load urlhttps://the-internet.herokuapp.com/secure/</name>
            <title>Given i open browser and load urlhttps://the-internet.herokuapp.com/secure/</title>
            <labels>
                <label name='language' value='javascript'/>
                <label name='framework' value='wdio'/>
                <label name='thread' value='0-0'/>
            </labels>
            <parameters>
                <parameter kind='argument' name='browser' value='chrome-94.0.4606.71'/>
            </parameters>
            <steps/>
            <attachments/>
            <failure>
                <message>Step "i open browser and load urlhttps://the-internet.herokuapp.com/secure/" is not defined. You can ignore this error by setting cucumberOpts.ignoreUndefinedDefinitions as true.</message>
                <stack-trace>Step "i open browser and load urlhttps://the-internet.herokuapp.com/secure/" is not defined. You can ignore this error by setting cucumberOpts.ignoreUndefinedDefinitions as true.
                	at Feature(/Users/chandrayadav/Desktop/webdriveriotestCucumber/features/home.feature):1:1
                	at Scenario(My Store test):3:5
                	at Step(i open browser and load url&lt;registractionpageurl>):4:9
                </stack-trace>
            </failure>
        </test-case>
        <test-case start='1633972738303' status='broken' stop='1633972738303'>
            <name>Then i should see  message with text Welcome to the Secure Area. When you are done click logout below.</name>
            <title>Then i should see  message with text Welcome to the Secure Area. When you are done click logout below.</title>
            <labels>
                <label name='language' value='javascript'/>
                <label name='framework' value='wdio'/>
                <label name='thread' value='0-0'/>
            </labels>
            <parameters>
                <parameter kind='argument' name='browser' value='chrome-94.0.4606.71'/>
            </parameters>
            <steps/>
            <attachments/>
            <failure>
                <message>Step "i should see  message with text Welcome to the Secure Area. When you are done click logout below." is not defined. You can ignore this error by setting cucumberOpts.ignoreUndefinedDefinitions as true.</message>
                <stack-trace>Step "i should see  message with text Welcome to the Secure Area. When you are done click logout below." is not defined. You can ignore this error by setting cucumberOpts.ignoreUndefinedDefinitions as true.
                	at Feature(/Users/chandrayadav/Desktop/webdriveriotestCucumber/features/home.feature):1:1
                	at Scenario(My Store test):3:5
                	at Step(i should see  message with text &lt;headermessage>):5:9
                </stack-trace>
            </failure>
        </test-case>
        <test-case start='1633972738303' status='passed' stop='1633972738304'>
            <name></name>
            <title></title>
            <labels>
                <label name='language' value='javascript'/>
                <label name='framework' value='wdio'/>
                <label name='thread' value='0-0'/>
            </labels>
            <parameters>
                <parameter kind='argument' name='browser' value='chrome-94.0.4606.71'/>
            </parameters>
            <steps/>
            <attachments/>
        </test-case>
    </test-cases>
</ns2:test-suite>